{"/Users/sunbaowu/Desktop/Springboard Course/Code/35.1-express-biztime/app.js": {"path":"/Users/sunbaowu/Desktop/Springboard Course/Code/35.1-express-biztime/app.js","statementMap":{"0":{"start":{"line":4,"column":16},"end":{"line":4,"column":34}},"1":{"start":{"line":6,"column":12},"end":{"line":6,"column":21}},"2":{"start":{"line":7,"column":21},"end":{"line":7,"column":46}},"3":{"start":{"line":9,"column":11},"end":{"line":9,"column":26}},"4":{"start":{"line":11,"column":0},"end":{"line":11,"column":24}},"5":{"start":{"line":13,"column":25},"end":{"line":13,"column":55}},"6":{"start":{"line":14,"column":24},"end":{"line":14,"column":53}},"7":{"start":{"line":15,"column":23},"end":{"line":15,"column":51}},"8":{"start":{"line":17,"column":0},"end":{"line":17,"column":41}},"9":{"start":{"line":18,"column":0},"end":{"line":18,"column":40}},"10":{"start":{"line":19,"column":0},"end":{"line":19,"column":38}},"11":{"start":{"line":23,"column":0},"end":{"line":26,"column":3}},"12":{"start":{"line":24,"column":14},"end":{"line":24,"column":48}},"13":{"start":{"line":25,"column":2},"end":{"line":25,"column":19}},"14":{"start":{"line":30,"column":0},"end":{"line":37,"column":3}},"15":{"start":{"line":31,"column":2},"end":{"line":31,"column":32}},"16":{"start":{"line":33,"column":2},"end":{"line":36,"column":5}},"17":{"start":{"line":40,"column":0},"end":{"line":40,"column":21}}},"fnMap":{"0":{"name":"(anonymous_0)","decl":{"start":{"line":23,"column":8},"end":{"line":23,"column":9}},"loc":{"start":{"line":23,"column":33},"end":{"line":26,"column":1}},"line":23},"1":{"name":"(anonymous_1)","decl":{"start":{"line":30,"column":8},"end":{"line":30,"column":9}},"loc":{"start":{"line":30,"column":33},"end":{"line":37,"column":1}},"line":30}},"branchMap":{"0":{"loc":{"start":{"line":31,"column":13},"end":{"line":31,"column":30}},"type":"binary-expr","locations":[{"start":{"line":31,"column":13},"end":{"line":31,"column":23}},{"start":{"line":31,"column":27},"end":{"line":31,"column":30}}],"line":31}},"s":{"0":3,"1":3,"2":3,"3":3,"4":3,"5":3,"6":3,"7":3,"8":3,"9":3,"10":3,"11":3,"12":3,"13":3,"14":3,"15":18,"16":18,"17":3},"f":{"0":3,"1":18},"b":{"0":[18,0]},"_coverageSchema":"1a1c01bbd47fc00a2c39e90264f33305004495a9","hash":"f66f06b1dcbbad886ee44114e87fa4a98cde4bb1"}
,"/Users/sunbaowu/Desktop/Springboard Course/Code/35.1-express-biztime/db.js": {"path":"/Users/sunbaowu/Desktop/Springboard Course/Code/35.1-express-biztime/db.js","statementMap":{"0":{"start":{"line":3,"column":19},"end":{"line":3,"column":32}},"1":{"start":{"line":7,"column":0},"end":{"line":11,"column":1}},"2":{"start":{"line":8,"column":2},"end":{"line":8,"column":40}},"3":{"start":{"line":10,"column":2},"end":{"line":10,"column":35}},"4":{"start":{"line":13,"column":9},"end":{"line":15,"column":2}},"5":{"start":{"line":17,"column":0},"end":{"line":17,"column":13}},"6":{"start":{"line":19,"column":0},"end":{"line":19,"column":20}}},"fnMap":{},"branchMap":{"0":{"loc":{"start":{"line":7,"column":0},"end":{"line":11,"column":1}},"type":"if","locations":[{"start":{"line":7,"column":0},"end":{"line":11,"column":1}},{"start":{"line":7,"column":0},"end":{"line":11,"column":1}}],"line":7}},"s":{"0":3,"1":3,"2":3,"3":0,"4":3,"5":3,"6":3},"f":{},"b":{"0":[3,0]},"_coverageSchema":"1a1c01bbd47fc00a2c39e90264f33305004495a9","hash":"ad61f632b99fa33e5ddaed3941fa48a6f320deba"}
,"/Users/sunbaowu/Desktop/Springboard Course/Code/35.1-express-biztime/expressError.js": {"path":"/Users/sunbaowu/Desktop/Springboard Course/Code/35.1-express-biztime/expressError.js","statementMap":{"0":{"start":{"line":9,"column":4},"end":{"line":9,"column":12}},"1":{"start":{"line":10,"column":4},"end":{"line":10,"column":27}},"2":{"start":{"line":11,"column":4},"end":{"line":11,"column":25}},"3":{"start":{"line":17,"column":0},"end":{"line":17,"column":30}}},"fnMap":{"0":{"name":"(anonymous_0)","decl":{"start":{"line":8,"column":2},"end":{"line":8,"column":3}},"loc":{"start":{"line":8,"column":31},"end":{"line":13,"column":3}},"line":8}},"branchMap":{},"s":{"0":18,"1":18,"2":18,"3":3},"f":{"0":18},"b":{},"_coverageSchema":"1a1c01bbd47fc00a2c39e90264f33305004495a9","hash":"0512c022ba2a504823b37d97a2de7754ee737c38"}
,"/Users/sunbaowu/Desktop/Springboard Course/Code/35.1-express-biztime/routes/companies.js": {"path":"/Users/sunbaowu/Desktop/Springboard Course/Code/35.1-express-biztime/routes/companies.js","statementMap":{"0":{"start":{"line":1,"column":16},"end":{"line":1,"column":34}},"1":{"start":{"line":2,"column":15},"end":{"line":2,"column":35}},"2":{"start":{"line":3,"column":39},"end":{"line":3,"column":58}},"3":{"start":{"line":6,"column":21},"end":{"line":6,"column":47}},"4":{"start":{"line":7,"column":11},"end":{"line":7,"column":27}},"5":{"start":{"line":12,"column":0},"end":{"line":20,"column":3}},"6":{"start":{"line":13,"column":4},"end":{"line":19,"column":5}},"7":{"start":{"line":14,"column":24},"end":{"line":14,"column":75}},"8":{"start":{"line":16,"column":8},"end":{"line":16,"column":53}},"9":{"start":{"line":18,"column":8},"end":{"line":18,"column":18}},"10":{"start":{"line":27,"column":0},"end":{"line":64,"column":3}},"11":{"start":{"line":28,"column":4},"end":{"line":63,"column":5}},"12":{"start":{"line":29,"column":24},"end":{"line":31,"column":30}},"13":{"start":{"line":34,"column":8},"end":{"line":36,"column":9}},"14":{"start":{"line":35,"column":12},"end":{"line":35,"column":97}},"15":{"start":{"line":38,"column":27},"end":{"line":44,"column":48}},"16":{"start":{"line":48,"column":25},"end":{"line":54,"column":48}},"17":{"start":{"line":56,"column":24},"end":{"line":56,"column":39}},"18":{"start":{"line":57,"column":8},"end":{"line":57,"column":45}},"19":{"start":{"line":58,"column":8},"end":{"line":58,"column":41}},"20":{"start":{"line":60,"column":8},"end":{"line":60,"column":35}},"21":{"start":{"line":62,"column":8},"end":{"line":62,"column":18}},"22":{"start":{"line":71,"column":0},"end":{"line":103,"column":3}},"23":{"start":{"line":72,"column":4},"end":{"line":102,"column":5}},"24":{"start":{"line":73,"column":8},"end":{"line":77,"column":9}},"25":{"start":{"line":76,"column":12},"end":{"line":76,"column":60}},"26":{"start":{"line":79,"column":21},"end":{"line":79,"column":47}},"27":{"start":{"line":81,"column":24},"end":{"line":88,"column":56}},"28":{"start":{"line":90,"column":8},"end":{"line":92,"column":9}},"29":{"start":{"line":91,"column":12},"end":{"line":91,"column":75}},"30":{"start":{"line":95,"column":24},"end":{"line":95,"column":39}},"31":{"start":{"line":97,"column":8},"end":{"line":97,"column":88}},"32":{"start":{"line":99,"column":8},"end":{"line":99,"column":58}},"33":{"start":{"line":101,"column":8},"end":{"line":101,"column":18}},"34":{"start":{"line":111,"column":0},"end":{"line":142,"column":3}},"35":{"start":{"line":112,"column":4},"end":{"line":141,"column":5}},"36":{"start":{"line":113,"column":8},"end":{"line":117,"column":9}},"37":{"start":{"line":116,"column":12},"end":{"line":116,"column":60}},"38":{"start":{"line":119,"column":24},"end":{"line":128,"column":67}},"39":{"start":{"line":130,"column":8},"end":{"line":132,"column":9}},"40":{"start":{"line":131,"column":12},"end":{"line":131,"column":97}},"41":{"start":{"line":134,"column":24},"end":{"line":134,"column":39}},"42":{"start":{"line":136,"column":8},"end":{"line":136,"column":91}},"43":{"start":{"line":138,"column":8},"end":{"line":138,"column":46}},"44":{"start":{"line":140,"column":8},"end":{"line":140,"column":18}},"45":{"start":{"line":149,"column":0},"end":{"line":164,"column":3}},"46":{"start":{"line":150,"column":4},"end":{"line":163,"column":5}},"47":{"start":{"line":151,"column":24},"end":{"line":154,"column":30}},"48":{"start":{"line":156,"column":8},"end":{"line":158,"column":9}},"49":{"start":{"line":157,"column":12},"end":{"line":157,"column":97}},"50":{"start":{"line":160,"column":8},"end":{"line":160,"column":47}},"51":{"start":{"line":162,"column":8},"end":{"line":162,"column":18}},"52":{"start":{"line":168,"column":0},"end":{"line":168,"column":24}}},"fnMap":{"0":{"name":"(anonymous_0)","decl":{"start":{"line":12,"column":16},"end":{"line":12,"column":17}},"loc":{"start":{"line":12,"column":42},"end":{"line":20,"column":1}},"line":12},"1":{"name":"(anonymous_1)","decl":{"start":{"line":27,"column":21},"end":{"line":27,"column":22}},"loc":{"start":{"line":27,"column":47},"end":{"line":64,"column":1}},"line":27},"2":{"name":"(anonymous_2)","decl":{"start":{"line":71,"column":17},"end":{"line":71,"column":18}},"loc":{"start":{"line":71,"column":43},"end":{"line":103,"column":1}},"line":71},"3":{"name":"(anonymous_3)","decl":{"start":{"line":111,"column":21},"end":{"line":111,"column":22}},"loc":{"start":{"line":111,"column":47},"end":{"line":142,"column":1}},"line":111},"4":{"name":"(anonymous_4)","decl":{"start":{"line":149,"column":24},"end":{"line":149,"column":25}},"loc":{"start":{"line":149,"column":50},"end":{"line":164,"column":1}},"line":149}},"branchMap":{"0":{"loc":{"start":{"line":34,"column":8},"end":{"line":36,"column":9}},"type":"if","locations":[{"start":{"line":34,"column":8},"end":{"line":36,"column":9}},{"start":{"line":34,"column":8},"end":{"line":36,"column":9}}],"line":34},"1":{"loc":{"start":{"line":73,"column":8},"end":{"line":77,"column":9}},"type":"if","locations":[{"start":{"line":73,"column":8},"end":{"line":77,"column":9}},{"start":{"line":73,"column":8},"end":{"line":77,"column":9}}],"line":73},"2":{"loc":{"start":{"line":73,"column":12},"end":{"line":74,"column":38}},"type":"binary-expr","locations":[{"start":{"line":73,"column":12},"end":{"line":73,"column":39}},{"start":{"line":74,"column":12},"end":{"line":74,"column":38}}],"line":73},"3":{"loc":{"start":{"line":90,"column":8},"end":{"line":92,"column":9}},"type":"if","locations":[{"start":{"line":90,"column":8},"end":{"line":92,"column":9}},{"start":{"line":90,"column":8},"end":{"line":92,"column":9}}],"line":90},"4":{"loc":{"start":{"line":113,"column":8},"end":{"line":117,"column":9}},"type":"if","locations":[{"start":{"line":113,"column":8},"end":{"line":117,"column":9}},{"start":{"line":113,"column":8},"end":{"line":117,"column":9}}],"line":113},"5":{"loc":{"start":{"line":113,"column":12},"end":{"line":114,"column":38}},"type":"binary-expr","locations":[{"start":{"line":113,"column":12},"end":{"line":113,"column":39}},{"start":{"line":114,"column":12},"end":{"line":114,"column":38}}],"line":113},"6":{"loc":{"start":{"line":130,"column":8},"end":{"line":132,"column":9}},"type":"if","locations":[{"start":{"line":130,"column":8},"end":{"line":132,"column":9}},{"start":{"line":130,"column":8},"end":{"line":132,"column":9}}],"line":130},"7":{"loc":{"start":{"line":156,"column":8},"end":{"line":158,"column":9}},"type":"if","locations":[{"start":{"line":156,"column":8},"end":{"line":158,"column":9}},{"start":{"line":156,"column":8},"end":{"line":158,"column":9}}],"line":156}},"s":{"0":3,"1":3,"2":3,"3":3,"4":3,"5":3,"6":1,"7":1,"8":1,"9":0,"10":3,"11":2,"12":2,"13":2,"14":1,"15":1,"16":1,"17":1,"18":1,"19":1,"20":1,"21":1,"22":3,"23":2,"24":2,"25":1,"26":1,"27":1,"28":1,"29":0,"30":1,"31":1,"32":1,"33":1,"34":3,"35":2,"36":2,"37":1,"38":1,"39":1,"40":0,"41":1,"42":1,"43":1,"44":1,"45":3,"46":2,"47":2,"48":2,"49":1,"50":1,"51":1,"52":3},"f":{"0":1,"1":2,"2":2,"3":2,"4":2},"b":{"0":[1,1],"1":[1,1],"2":[2,2],"3":[0,1],"4":[1,1],"5":[2,2],"6":[0,1],"7":[1,1]},"_coverageSchema":"1a1c01bbd47fc00a2c39e90264f33305004495a9","hash":"53eaa09f96def7270ed026a3eb670714e4305a87"}
,"/Users/sunbaowu/Desktop/Springboard Course/Code/35.1-express-biztime/routes/helper.js": {"path":"/Users/sunbaowu/Desktop/Springboard Course/Code/35.1-express-biztime/routes/helper.js","statementMap":{"0":{"start":{"line":1,"column":16},"end":{"line":1,"column":34}},"1":{"start":{"line":9,"column":4},"end":{"line":14,"column":7}},"2":{"start":{"line":25,"column":19},"end":{"line":25,"column":103}},"3":{"start":{"line":27,"column":4},"end":{"line":34,"column":5}},"4":{"start":{"line":28,"column":23},"end":{"line":28,"column":88}},"5":{"start":{"line":28,"column":55},"end":{"line":28,"column":77}},"6":{"start":{"line":30,"column":24},"end":{"line":31,"column":62}},"7":{"start":{"line":33,"column":8},"end":{"line":33,"column":50}},"8":{"start":{"line":33,"column":37},"end":{"line":33,"column":48}},"9":{"start":{"line":35,"column":4},"end":{"line":35,"column":14}},"10":{"start":{"line":38,"column":0},"end":{"line":41,"column":1}}},"fnMap":{"0":{"name":"slugifyCode","decl":{"start":{"line":8,"column":9},"end":{"line":8,"column":20}},"loc":{"start":{"line":8,"column":27},"end":{"line":15,"column":1}},"line":8},"1":{"name":"setIndustries","decl":{"start":{"line":24,"column":15},"end":{"line":24,"column":28}},"loc":{"start":{"line":24,"column":56},"end":{"line":36,"column":1}},"line":24},"2":{"name":"(anonymous_2)","decl":{"start":{"line":28,"column":38},"end":{"line":28,"column":39}},"loc":{"start":{"line":28,"column":55},"end":{"line":28,"column":77}},"line":28},"3":{"name":"(anonymous_3)","decl":{"start":{"line":33,"column":32},"end":{"line":33,"column":33}},"loc":{"start":{"line":33,"column":37},"end":{"line":33,"column":48}},"line":33}},"branchMap":{"0":{"loc":{"start":{"line":27,"column":4},"end":{"line":34,"column":5}},"type":"if","locations":[{"start":{"line":27,"column":4},"end":{"line":34,"column":5}},{"start":{"line":27,"column":4},"end":{"line":34,"column":5}}],"line":27},"1":{"loc":{"start":{"line":27,"column":8},"end":{"line":27,"column":57}},"type":"binary-expr","locations":[{"start":{"line":27,"column":8},"end":{"line":27,"column":32}},{"start":{"line":27,"column":36},"end":{"line":27,"column":57}}],"line":27}},"s":{"0":3,"1":2,"2":2,"3":2,"4":2,"5":2,"6":2,"7":2,"8":2,"9":0,"10":3},"f":{"0":2,"1":2,"2":2,"3":2},"b":{"0":[2,0],"1":[2,2]},"_coverageSchema":"1a1c01bbd47fc00a2c39e90264f33305004495a9","hash":"e4b5325dc1a57feb52baf7bd4b404d799ff0e42b"}
,"/Users/sunbaowu/Desktop/Springboard Course/Code/35.1-express-biztime/routes/industries.js": {"path":"/Users/sunbaowu/Desktop/Springboard Course/Code/35.1-express-biztime/routes/industries.js","statementMap":{"0":{"start":{"line":1,"column":16},"end":{"line":1,"column":34}},"1":{"start":{"line":2,"column":15},"end":{"line":2,"column":35}},"2":{"start":{"line":3,"column":24},"end":{"line":3,"column":43}},"3":{"start":{"line":6,"column":21},"end":{"line":6,"column":47}},"4":{"start":{"line":7,"column":11},"end":{"line":7,"column":27}},"5":{"start":{"line":12,"column":0},"end":{"line":32,"column":3}},"6":{"start":{"line":13,"column":4},"end":{"line":31,"column":5}},"7":{"start":{"line":14,"column":34},"end":{"line":14,"column":90}},"8":{"start":{"line":15,"column":33},"end":{"line":19,"column":14}},"9":{"start":{"line":21,"column":27},"end":{"line":26,"column":10}},"10":{"start":{"line":22,"column":12},"end":{"line":24,"column":68}},"11":{"start":{"line":23,"column":30},"end":{"line":23,"column":52}},"12":{"start":{"line":24,"column":30},"end":{"line":24,"column":65}},"13":{"start":{"line":25,"column":12},"end":{"line":25,"column":21}},"14":{"start":{"line":28,"column":8},"end":{"line":28,"column":52}},"15":{"start":{"line":30,"column":8},"end":{"line":30,"column":18}},"16":{"start":{"line":39,"column":0},"end":{"line":70,"column":3}},"17":{"start":{"line":40,"column":4},"end":{"line":69,"column":5}},"18":{"start":{"line":41,"column":24},"end":{"line":43,"column":30}},"19":{"start":{"line":46,"column":8},"end":{"line":48,"column":9}},"20":{"start":{"line":47,"column":12},"end":{"line":47,"column":98}},"21":{"start":{"line":50,"column":26},"end":{"line":56,"column":48}},"22":{"start":{"line":58,"column":35},"end":{"line":58,"column":50}},"23":{"start":{"line":60,"column":8},"end":{"line":66,"column":11}},"24":{"start":{"line":68,"column":8},"end":{"line":68,"column":18}},"25":{"start":{"line":77,"column":0},"end":{"line":100,"column":3}},"26":{"start":{"line":78,"column":4},"end":{"line":99,"column":5}},"27":{"start":{"line":79,"column":8},"end":{"line":83,"column":9}},"28":{"start":{"line":82,"column":12},"end":{"line":82,"column":64}},"29":{"start":{"line":85,"column":21},"end":{"line":85,"column":51}},"30":{"start":{"line":87,"column":24},"end":{"line":94,"column":38}},"31":{"start":{"line":96,"column":8},"end":{"line":96,"column":67}},"32":{"start":{"line":98,"column":8},"end":{"line":98,"column":18}},"33":{"start":{"line":108,"column":0},"end":{"line":134,"column":3}},"34":{"start":{"line":109,"column":4},"end":{"line":133,"column":5}},"35":{"start":{"line":110,"column":8},"end":{"line":114,"column":9}},"36":{"start":{"line":113,"column":12},"end":{"line":113,"column":64}},"37":{"start":{"line":116,"column":24},"end":{"line":124,"column":49}},"38":{"start":{"line":126,"column":8},"end":{"line":128,"column":9}},"39":{"start":{"line":127,"column":12},"end":{"line":127,"column":98}},"40":{"start":{"line":130,"column":8},"end":{"line":130,"column":55}},"41":{"start":{"line":132,"column":8},"end":{"line":132,"column":18}},"42":{"start":{"line":141,"column":0},"end":{"line":156,"column":3}},"43":{"start":{"line":142,"column":4},"end":{"line":155,"column":5}},"44":{"start":{"line":143,"column":24},"end":{"line":146,"column":30}},"45":{"start":{"line":148,"column":8},"end":{"line":150,"column":9}},"46":{"start":{"line":149,"column":12},"end":{"line":149,"column":98}},"47":{"start":{"line":152,"column":8},"end":{"line":152,"column":47}},"48":{"start":{"line":154,"column":8},"end":{"line":154,"column":18}},"49":{"start":{"line":160,"column":0},"end":{"line":160,"column":24}}},"fnMap":{"0":{"name":"(anonymous_0)","decl":{"start":{"line":12,"column":16},"end":{"line":12,"column":17}},"loc":{"start":{"line":12,"column":42},"end":{"line":32,"column":1}},"line":12},"1":{"name":"(anonymous_1)","decl":{"start":{"line":21,"column":54},"end":{"line":21,"column":55}},"loc":{"start":{"line":21,"column":59},"end":{"line":26,"column":9}},"line":21},"2":{"name":"(anonymous_2)","decl":{"start":{"line":23,"column":24},"end":{"line":23,"column":25}},"loc":{"start":{"line":23,"column":30},"end":{"line":23,"column":52}},"line":23},"3":{"name":"(anonymous_3)","decl":{"start":{"line":24,"column":21},"end":{"line":24,"column":22}},"loc":{"start":{"line":24,"column":30},"end":{"line":24,"column":65}},"line":24},"4":{"name":"(anonymous_4)","decl":{"start":{"line":39,"column":21},"end":{"line":39,"column":22}},"loc":{"start":{"line":39,"column":47},"end":{"line":70,"column":1}},"line":39},"5":{"name":"(anonymous_5)","decl":{"start":{"line":77,"column":17},"end":{"line":77,"column":18}},"loc":{"start":{"line":77,"column":43},"end":{"line":100,"column":1}},"line":77},"6":{"name":"(anonymous_6)","decl":{"start":{"line":108,"column":21},"end":{"line":108,"column":22}},"loc":{"start":{"line":108,"column":47},"end":{"line":134,"column":1}},"line":108},"7":{"name":"(anonymous_7)","decl":{"start":{"line":141,"column":24},"end":{"line":141,"column":25}},"loc":{"start":{"line":141,"column":50},"end":{"line":156,"column":1}},"line":141}},"branchMap":{"0":{"loc":{"start":{"line":46,"column":8},"end":{"line":48,"column":9}},"type":"if","locations":[{"start":{"line":46,"column":8},"end":{"line":48,"column":9}},{"start":{"line":46,"column":8},"end":{"line":48,"column":9}}],"line":46},"1":{"loc":{"start":{"line":79,"column":8},"end":{"line":83,"column":9}},"type":"if","locations":[{"start":{"line":79,"column":8},"end":{"line":83,"column":9}},{"start":{"line":79,"column":8},"end":{"line":83,"column":9}}],"line":79},"2":{"loc":{"start":{"line":79,"column":12},"end":{"line":80,"column":42}},"type":"binary-expr","locations":[{"start":{"line":79,"column":12},"end":{"line":79,"column":43}},{"start":{"line":80,"column":12},"end":{"line":80,"column":42}}],"line":79},"3":{"loc":{"start":{"line":110,"column":8},"end":{"line":114,"column":9}},"type":"if","locations":[{"start":{"line":110,"column":8},"end":{"line":114,"column":9}},{"start":{"line":110,"column":8},"end":{"line":114,"column":9}}],"line":110},"4":{"loc":{"start":{"line":110,"column":12},"end":{"line":111,"column":42}},"type":"binary-expr","locations":[{"start":{"line":110,"column":12},"end":{"line":110,"column":43}},{"start":{"line":111,"column":12},"end":{"line":111,"column":42}}],"line":110},"5":{"loc":{"start":{"line":126,"column":8},"end":{"line":128,"column":9}},"type":"if","locations":[{"start":{"line":126,"column":8},"end":{"line":128,"column":9}},{"start":{"line":126,"column":8},"end":{"line":128,"column":9}}],"line":126},"6":{"loc":{"start":{"line":148,"column":8},"end":{"line":150,"column":9}},"type":"if","locations":[{"start":{"line":148,"column":8},"end":{"line":150,"column":9}},{"start":{"line":148,"column":8},"end":{"line":150,"column":9}}],"line":148}},"s":{"0":3,"1":3,"2":3,"3":3,"4":3,"5":3,"6":1,"7":1,"8":1,"9":1,"10":1,"11":1,"12":1,"13":1,"14":1,"15":0,"16":3,"17":2,"18":2,"19":2,"20":1,"21":1,"22":1,"23":1,"24":1,"25":3,"26":2,"27":2,"28":1,"29":1,"30":1,"31":1,"32":1,"33":3,"34":2,"35":2,"36":1,"37":1,"38":1,"39":0,"40":1,"41":1,"42":3,"43":2,"44":2,"45":2,"46":1,"47":1,"48":1,"49":3},"f":{"0":1,"1":1,"2":1,"3":1,"4":2,"5":2,"6":2,"7":2},"b":{"0":[1,1],"1":[1,1],"2":[2,2],"3":[1,1],"4":[2,1],"5":[0,1],"6":[1,1]},"_coverageSchema":"1a1c01bbd47fc00a2c39e90264f33305004495a9","hash":"23000ab8c8402983db5bcd11f1c3de19fbada673"}
,"/Users/sunbaowu/Desktop/Springboard Course/Code/35.1-express-biztime/routes/invoices.js": {"path":"/Users/sunbaowu/Desktop/Springboard Course/Code/35.1-express-biztime/routes/invoices.js","statementMap":{"0":{"start":{"line":1,"column":16},"end":{"line":1,"column":34}},"1":{"start":{"line":2,"column":15},"end":{"line":2,"column":35}},"2":{"start":{"line":5,"column":21},"end":{"line":5,"column":47}},"3":{"start":{"line":6,"column":11},"end":{"line":6,"column":27}},"4":{"start":{"line":11,"column":0},"end":{"line":19,"column":3}},"5":{"start":{"line":12,"column":4},"end":{"line":18,"column":5}},"6":{"start":{"line":13,"column":24},"end":{"line":13,"column":77}},"7":{"start":{"line":15,"column":8},"end":{"line":15,"column":52}},"8":{"start":{"line":17,"column":8},"end":{"line":17,"column":18}},"9":{"start":{"line":26,"column":0},"end":{"line":52,"column":3}},"10":{"start":{"line":27,"column":4},"end":{"line":51,"column":5}},"11":{"start":{"line":28,"column":24},"end":{"line":34,"column":38}},"12":{"start":{"line":36,"column":8},"end":{"line":38,"column":9}},"13":{"start":{"line":37,"column":12},"end":{"line":37,"column":93}},"14":{"start":{"line":40,"column":55},"end":{"line":40,"column":70}},"15":{"start":{"line":41,"column":49},"end":{"line":41,"column":64}},"16":{"start":{"line":43,"column":8},"end":{"line":48,"column":11}},"17":{"start":{"line":50,"column":8},"end":{"line":50,"column":18}},"18":{"start":{"line":59,"column":0},"end":{"line":94,"column":3}},"19":{"start":{"line":60,"column":4},"end":{"line":93,"column":5}},"20":{"start":{"line":62,"column":8},"end":{"line":66,"column":9}},"21":{"start":{"line":65,"column":12},"end":{"line":65,"column":74}},"22":{"start":{"line":68,"column":20},"end":{"line":68,"column":40}},"23":{"start":{"line":70,"column":8},"end":{"line":72,"column":9}},"24":{"start":{"line":71,"column":12},"end":{"line":71,"column":70}},"25":{"start":{"line":74,"column":24},"end":{"line":74,"column":106}},"26":{"start":{"line":76,"column":8},"end":{"line":79,"column":9}},"27":{"start":{"line":77,"column":12},"end":{"line":77,"column":100}},"28":{"start":{"line":81,"column":24},"end":{"line":88,"column":47}},"29":{"start":{"line":90,"column":8},"end":{"line":90,"column":66}},"30":{"start":{"line":92,"column":8},"end":{"line":92,"column":18}},"31":{"start":{"line":105,"column":0},"end":{"line":159,"column":3}},"32":{"start":{"line":106,"column":4},"end":{"line":158,"column":5}},"33":{"start":{"line":108,"column":8},"end":{"line":110,"column":9}},"34":{"start":{"line":109,"column":12},"end":{"line":109,"column":59}},"35":{"start":{"line":111,"column":20},"end":{"line":111,"column":40}},"36":{"start":{"line":113,"column":8},"end":{"line":115,"column":9}},"37":{"start":{"line":114,"column":12},"end":{"line":114,"column":70}},"38":{"start":{"line":117,"column":24},"end":{"line":125,"column":42}},"39":{"start":{"line":127,"column":8},"end":{"line":129,"column":9}},"40":{"start":{"line":128,"column":12},"end":{"line":128,"column":93}},"41":{"start":{"line":132,"column":8},"end":{"line":153,"column":9}},"42":{"start":{"line":133,"column":12},"end":{"line":152,"column":13}},"43":{"start":{"line":136,"column":29},"end":{"line":136,"column":66}},"44":{"start":{"line":137,"column":33},"end":{"line":137,"column":87}},"45":{"start":{"line":139,"column":16},"end":{"line":139,"column":34}},"46":{"start":{"line":141,"column":32},"end":{"line":149,"column":53}},"47":{"start":{"line":151,"column":16},"end":{"line":151,"column":62}},"48":{"start":{"line":155,"column":8},"end":{"line":155,"column":54}},"49":{"start":{"line":157,"column":8},"end":{"line":157,"column":18}},"50":{"start":{"line":166,"column":0},"end":{"line":181,"column":3}},"51":{"start":{"line":167,"column":4},"end":{"line":180,"column":5}},"52":{"start":{"line":168,"column":24},"end":{"line":171,"column":28}},"53":{"start":{"line":173,"column":8},"end":{"line":175,"column":9}},"54":{"start":{"line":174,"column":12},"end":{"line":174,"column":93}},"55":{"start":{"line":177,"column":8},"end":{"line":177,"column":47}},"56":{"start":{"line":179,"column":8},"end":{"line":179,"column":18}},"57":{"start":{"line":185,"column":0},"end":{"line":185,"column":24}}},"fnMap":{"0":{"name":"(anonymous_0)","decl":{"start":{"line":11,"column":16},"end":{"line":11,"column":17}},"loc":{"start":{"line":11,"column":42},"end":{"line":19,"column":1}},"line":11},"1":{"name":"(anonymous_1)","decl":{"start":{"line":26,"column":19},"end":{"line":26,"column":20}},"loc":{"start":{"line":26,"column":45},"end":{"line":52,"column":1}},"line":26},"2":{"name":"(anonymous_2)","decl":{"start":{"line":59,"column":17},"end":{"line":59,"column":18}},"loc":{"start":{"line":59,"column":43},"end":{"line":94,"column":1}},"line":59},"3":{"name":"(anonymous_3)","decl":{"start":{"line":105,"column":19},"end":{"line":105,"column":20}},"loc":{"start":{"line":105,"column":45},"end":{"line":159,"column":1}},"line":105},"4":{"name":"(anonymous_4)","decl":{"start":{"line":166,"column":22},"end":{"line":166,"column":23}},"loc":{"start":{"line":166,"column":48},"end":{"line":181,"column":1}},"line":166}},"branchMap":{"0":{"loc":{"start":{"line":36,"column":8},"end":{"line":38,"column":9}},"type":"if","locations":[{"start":{"line":36,"column":8},"end":{"line":38,"column":9}},{"start":{"line":36,"column":8},"end":{"line":38,"column":9}}],"line":36},"1":{"loc":{"start":{"line":62,"column":8},"end":{"line":66,"column":9}},"type":"if","locations":[{"start":{"line":62,"column":8},"end":{"line":66,"column":9}},{"start":{"line":62,"column":8},"end":{"line":66,"column":9}}],"line":62},"2":{"loc":{"start":{"line":62,"column":12},"end":{"line":64,"column":43}},"type":"binary-expr","locations":[{"start":{"line":62,"column":12},"end":{"line":62,"column":44}},{"start":{"line":63,"column":12},"end":{"line":63,"column":38}},{"start":{"line":64,"column":12},"end":{"line":64,"column":43}}],"line":62},"3":{"loc":{"start":{"line":70,"column":8},"end":{"line":72,"column":9}},"type":"if","locations":[{"start":{"line":70,"column":8},"end":{"line":72,"column":9}},{"start":{"line":70,"column":8},"end":{"line":72,"column":9}}],"line":70},"4":{"loc":{"start":{"line":70,"column":12},"end":{"line":70,"column":35}},"type":"binary-expr","locations":[{"start":{"line":70,"column":12},"end":{"line":70,"column":23}},{"start":{"line":70,"column":27},"end":{"line":70,"column":35}}],"line":70},"5":{"loc":{"start":{"line":76,"column":8},"end":{"line":79,"column":9}},"type":"if","locations":[{"start":{"line":76,"column":8},"end":{"line":79,"column":9}},{"start":{"line":76,"column":8},"end":{"line":79,"column":9}}],"line":76},"6":{"loc":{"start":{"line":108,"column":8},"end":{"line":110,"column":9}},"type":"if","locations":[{"start":{"line":108,"column":8},"end":{"line":110,"column":9}},{"start":{"line":108,"column":8},"end":{"line":110,"column":9}}],"line":108},"7":{"loc":{"start":{"line":113,"column":8},"end":{"line":115,"column":9}},"type":"if","locations":[{"start":{"line":113,"column":8},"end":{"line":115,"column":9}},{"start":{"line":113,"column":8},"end":{"line":115,"column":9}}],"line":113},"8":{"loc":{"start":{"line":113,"column":12},"end":{"line":113,"column":35}},"type":"binary-expr","locations":[{"start":{"line":113,"column":12},"end":{"line":113,"column":23}},{"start":{"line":113,"column":27},"end":{"line":113,"column":35}}],"line":113},"9":{"loc":{"start":{"line":127,"column":8},"end":{"line":129,"column":9}},"type":"if","locations":[{"start":{"line":127,"column":8},"end":{"line":129,"column":9}},{"start":{"line":127,"column":8},"end":{"line":129,"column":9}}],"line":127},"10":{"loc":{"start":{"line":132,"column":8},"end":{"line":153,"column":9}},"type":"if","locations":[{"start":{"line":132,"column":8},"end":{"line":153,"column":9}},{"start":{"line":132,"column":8},"end":{"line":153,"column":9}}],"line":132},"11":{"loc":{"start":{"line":133,"column":12},"end":{"line":152,"column":13}},"type":"if","locations":[{"start":{"line":133,"column":12},"end":{"line":152,"column":13}},{"start":{"line":133,"column":12},"end":{"line":152,"column":13}}],"line":133},"12":{"loc":{"start":{"line":133,"column":16},"end":{"line":133,"column":65}},"type":"binary-expr","locations":[{"start":{"line":133,"column":16},"end":{"line":133,"column":38}},{"start":{"line":133,"column":42},"end":{"line":133,"column":65}}],"line":133},"13":{"loc":{"start":{"line":136,"column":29},"end":{"line":136,"column":66}},"type":"cond-expr","locations":[{"start":{"line":136,"column":54},"end":{"line":136,"column":58}},{"start":{"line":136,"column":61},"end":{"line":136,"column":66}}],"line":136},"14":{"loc":{"start":{"line":137,"column":33},"end":{"line":137,"column":87}},"type":"cond-expr","locations":[{"start":{"line":137,"column":40},"end":{"line":137,"column":80}},{"start":{"line":137,"column":83},"end":{"line":137,"column":87}}],"line":137},"15":{"loc":{"start":{"line":173,"column":8},"end":{"line":175,"column":9}},"type":"if","locations":[{"start":{"line":173,"column":8},"end":{"line":175,"column":9}},{"start":{"line":173,"column":8},"end":{"line":175,"column":9}}],"line":173}},"s":{"0":3,"1":3,"2":3,"3":3,"4":3,"5":1,"6":1,"7":1,"8":0,"9":3,"10":2,"11":2,"12":2,"13":1,"14":1,"15":1,"16":1,"17":1,"18":3,"19":4,"20":4,"21":1,"22":3,"23":3,"24":1,"25":2,"26":2,"27":1,"28":1,"29":1,"30":3,"31":3,"32":4,"33":4,"34":1,"35":3,"36":3,"37":1,"38":2,"39":2,"40":0,"41":2,"42":2,"43":2,"44":2,"45":2,"46":2,"47":2,"48":0,"49":2,"50":3,"51":2,"52":2,"53":2,"54":1,"55":1,"56":1,"57":3},"f":{"0":1,"1":2,"2":4,"3":4,"4":2},"b":{"0":[1,1],"1":[1,3],"2":[4,4,4],"3":[1,2],"4":[3,3],"5":[1,1],"6":[1,3],"7":[1,2],"8":[3,3],"9":[0,2],"10":[2,0],"11":[2,0],"12":[2,1],"13":[1,1],"14":[1,1],"15":[1,1]},"_coverageSchema":"1a1c01bbd47fc00a2c39e90264f33305004495a9","hash":"13f840213711b83f1e907f453b1fee59fa3aa633"}
}
