TN:
SF:app.js
FN:23,(anonymous_0)
FN:30,(anonymous_1)
FNF:2
FNH:2
FNDA:3,(anonymous_0)
FNDA:18,(anonymous_1)
DA:4,3
DA:6,3
DA:7,3
DA:9,3
DA:11,3
DA:13,3
DA:14,3
DA:15,3
DA:17,3
DA:18,3
DA:19,3
DA:23,3
DA:24,3
DA:25,3
DA:30,3
DA:31,18
DA:33,18
DA:40,3
LF:18
LH:18
BRDA:31,0,0,18
BRDA:31,0,1,0
BRF:2
BRH:1
end_of_record
TN:
SF:db.js
FNF:0
FNH:0
DA:3,3
DA:7,3
DA:8,3
DA:10,0
DA:13,3
DA:17,3
DA:19,3
LF:7
LH:6
BRDA:7,0,0,3
BRDA:7,0,1,0
BRF:2
BRH:1
end_of_record
TN:
SF:expressError.js
FN:8,(anonymous_0)
FNF:1
FNH:1
FNDA:18,(anonymous_0)
DA:9,18
DA:10,18
DA:11,18
DA:17,3
LF:4
LH:4
BRF:0
BRH:0
end_of_record
TN:
SF:routes/companies.js
FN:12,(anonymous_0)
FN:27,(anonymous_1)
FN:71,(anonymous_2)
FN:111,(anonymous_3)
FN:149,(anonymous_4)
FNF:5
FNH:5
FNDA:1,(anonymous_0)
FNDA:2,(anonymous_1)
FNDA:2,(anonymous_2)
FNDA:2,(anonymous_3)
FNDA:2,(anonymous_4)
DA:1,3
DA:2,3
DA:3,3
DA:6,3
DA:7,3
DA:12,3
DA:13,1
DA:14,1
DA:16,1
DA:18,0
DA:27,3
DA:28,2
DA:29,2
DA:34,2
DA:35,1
DA:38,1
DA:48,1
DA:56,1
DA:57,1
DA:58,1
DA:60,1
DA:62,1
DA:71,3
DA:72,2
DA:73,2
DA:76,1
DA:79,1
DA:81,1
DA:90,1
DA:91,0
DA:95,1
DA:97,1
DA:99,1
DA:101,1
DA:111,3
DA:112,2
DA:113,2
DA:116,1
DA:119,1
DA:130,1
DA:131,0
DA:134,1
DA:136,1
DA:138,1
DA:140,1
DA:149,3
DA:150,2
DA:151,2
DA:156,2
DA:157,1
DA:160,1
DA:162,1
DA:168,3
LF:53
LH:50
BRDA:34,0,0,1
BRDA:34,0,1,1
BRDA:73,1,0,1
BRDA:73,1,1,1
BRDA:73,2,0,2
BRDA:73,2,1,2
BRDA:90,3,0,0
BRDA:90,3,1,1
BRDA:113,4,0,1
BRDA:113,4,1,1
BRDA:113,5,0,2
BRDA:113,5,1,2
BRDA:130,6,0,0
BRDA:130,6,1,1
BRDA:156,7,0,1
BRDA:156,7,1,1
BRF:16
BRH:14
end_of_record
TN:
SF:routes/helper.js
FN:8,slugifyCode
FN:24,setIndustries
FN:28,(anonymous_2)
FN:33,(anonymous_3)
FNF:4
FNH:4
FNDA:2,slugifyCode
FNDA:2,setIndustries
FNDA:2,(anonymous_2)
FNDA:2,(anonymous_3)
DA:1,3
DA:9,2
DA:25,2
DA:27,2
DA:28,2
DA:30,2
DA:33,2
DA:35,0
DA:38,3
LF:9
LH:8
BRDA:27,0,0,2
BRDA:27,0,1,0
BRDA:27,1,0,2
BRDA:27,1,1,2
BRF:4
BRH:3
end_of_record
TN:
SF:routes/industries.js
FN:12,(anonymous_0)
FN:21,(anonymous_1)
FN:23,(anonymous_2)
FN:24,(anonymous_3)
FN:39,(anonymous_4)
FN:77,(anonymous_5)
FN:108,(anonymous_6)
FN:141,(anonymous_7)
FNF:8
FNH:8
FNDA:1,(anonymous_0)
FNDA:1,(anonymous_1)
FNDA:1,(anonymous_2)
FNDA:1,(anonymous_3)
FNDA:2,(anonymous_4)
FNDA:2,(anonymous_5)
FNDA:2,(anonymous_6)
FNDA:2,(anonymous_7)
DA:1,3
DA:2,3
DA:3,3
DA:6,3
DA:7,3
DA:12,3
DA:13,1
DA:14,1
DA:15,1
DA:21,1
DA:22,1
DA:23,1
DA:24,1
DA:25,1
DA:28,1
DA:30,0
DA:39,3
DA:40,2
DA:41,2
DA:46,2
DA:47,1
DA:50,1
DA:58,1
DA:60,1
DA:68,1
DA:77,3
DA:78,2
DA:79,2
DA:82,1
DA:85,1
DA:87,1
DA:96,1
DA:98,1
DA:108,3
DA:109,2
DA:110,2
DA:113,1
DA:116,1
DA:126,1
DA:127,0
DA:130,1
DA:132,1
DA:141,3
DA:142,2
DA:143,2
DA:148,2
DA:149,1
DA:152,1
DA:154,1
DA:160,3
LF:50
LH:48
BRDA:46,0,0,1
BRDA:46,0,1,1
BRDA:79,1,0,1
BRDA:79,1,1,1
BRDA:79,2,0,2
BRDA:79,2,1,2
BRDA:110,3,0,1
BRDA:110,3,1,1
BRDA:110,4,0,2
BRDA:110,4,1,1
BRDA:126,5,0,0
BRDA:126,5,1,1
BRDA:148,6,0,1
BRDA:148,6,1,1
BRF:14
BRH:13
end_of_record
TN:
SF:routes/invoices.js
FN:11,(anonymous_0)
FN:26,(anonymous_1)
FN:59,(anonymous_2)
FN:105,(anonymous_3)
FN:166,(anonymous_4)
FNF:5
FNH:5
FNDA:1,(anonymous_0)
FNDA:2,(anonymous_1)
FNDA:4,(anonymous_2)
FNDA:4,(anonymous_3)
FNDA:2,(anonymous_4)
DA:1,3
DA:2,3
DA:5,3
DA:6,3
DA:11,3
DA:12,1
DA:13,1
DA:15,1
DA:17,0
DA:26,3
DA:27,2
DA:28,2
DA:36,2
DA:37,1
DA:40,1
DA:41,1
DA:43,1
DA:50,1
DA:59,3
DA:60,4
DA:62,4
DA:65,1
DA:68,3
DA:70,3
DA:71,1
DA:74,2
DA:76,2
DA:77,1
DA:81,1
DA:90,1
DA:92,3
DA:105,3
DA:106,4
DA:108,4
DA:109,1
DA:111,3
DA:113,3
DA:114,1
DA:117,2
DA:127,2
DA:128,0
DA:132,2
DA:133,2
DA:136,2
DA:137,2
DA:139,2
DA:141,2
DA:151,2
DA:155,0
DA:157,2
DA:166,3
DA:167,2
DA:168,2
DA:173,2
DA:174,1
DA:177,1
DA:179,1
DA:185,3
LF:58
LH:55
BRDA:36,0,0,1
BRDA:36,0,1,1
BRDA:62,1,0,1
BRDA:62,1,1,3
BRDA:62,2,0,4
BRDA:62,2,1,4
BRDA:62,2,2,4
BRDA:70,3,0,1
BRDA:70,3,1,2
BRDA:70,4,0,3
BRDA:70,4,1,3
BRDA:76,5,0,1
BRDA:76,5,1,1
BRDA:108,6,0,1
BRDA:108,6,1,3
BRDA:113,7,0,1
BRDA:113,7,1,2
BRDA:113,8,0,3
BRDA:113,8,1,3
BRDA:127,9,0,0
BRDA:127,9,1,2
BRDA:132,10,0,2
BRDA:132,10,1,0
BRDA:133,11,0,2
BRDA:133,11,1,0
BRDA:133,12,0,2
BRDA:133,12,1,1
BRDA:136,13,0,1
BRDA:136,13,1,1
BRDA:137,14,0,1
BRDA:137,14,1,1
BRDA:173,15,0,1
BRDA:173,15,1,1
BRF:33
BRH:30
end_of_record
